<?xml version="1.0" encoding="UTF-8"?>
<!-- Generated by org.testng.reporters.JUnitXMLReporter -->
<testsuite ignored="0" hostname="DESKTOP-GL3LVOV" failures="0" tests="3" name="Test" time="43.796" errors="0" timestamp="2022-01-31T14:30:34 PKT">
  <testcase classname="academy.E2EProject.Validatetext" name="ValidateText" time="0.049"/>
  <testcase classname="academy.E2EProject.HomePage" name="HomePageNavigation" time="8.442"/>
  <testcase classname="academy.E2EProject.ValidateNavbar" name="ValidateNavigation" time="0.055"/>
</testsuite> <!-- Test -->
