<?xml version="1.0" encoding="UTF-8"?>
<!-- Generated by org.testng.reporters.JUnitXMLReporter -->
<testsuite hostname="DESKTOP-GL3LVOV" ignored="0" name="Test" tests="3" failures="0" timestamp="2022-01-31T14:40:30 PKT" time="76.317" errors="0">
  <testcase name="ValidateText" time="0.057" classname="academy.E2EProject.Validatetext"/>
  <testcase name="HomePageNavigation" time="10.974" classname="academy.E2EProject.HomePage"/>
  <testcase name="ValidateNavigation" time="0.089" classname="academy.E2EProject.ValidateNavbar"/>
</testsuite> <!-- Test -->
