-------------------------------------------------------------------------------
Test set: TestSuite
-------------------------------------------------------------------------------
Tests run: 3, Failures: 1, Errors: 0, Skipped: 0, Time elapsed: 24.849 s <<< FAILURE! - in TestSuite
academy.E2EProject.Validatetext.ValidateText  Time elapsed: 0.719 s  <<< FAILURE!
junit.framework.ComparisonFailure: expected:<...> but was:<...123>
	at academy.E2EProject.Validatetext.ValidateText(Validatetext.java:34)

