<?xml version="1.0" encoding="UTF-8"?>
<testng-results ignored="0" total="1" passed="1" failed="0" skipped="0">
  <reporter-output>
  </reporter-output>
  <suite started-at="2022-02-02T12:33:52 PKT" name="Default suite" finished-at="2022-02-02T12:34:05 PKT" duration-ms="13085">
    <groups>
    </groups>
    <test started-at="2022-02-02T12:33:52 PKT" name="Default test" finished-at="2022-02-02T12:34:05 PKT" duration-ms="13085">
      <class name="academy.E2EProject.HomePage">
        <test-method is-config="true" signature="initilaize()[pri:0, instance:academy.E2EProject.HomePage@19fe4644]" started-at="2022-02-02T12:33:52 PKT" name="initilaize" finished-at="2022-02-02T12:33:54 PKT" duration-ms="2220" status="PASS">
          <reporter-output>
          </reporter-output>
        </test-method> <!-- initilaize -->
        <test-method signature="HomePageNavigation(java.lang.String,java.lang.String)[pri:0, instance:academy.E2EProject.HomePage@19fe4644]" started-at="2022-02-02T12:33:54 PKT" name="HomePageNavigation" data-provider="getData" finished-at="2022-02-02T12:34:05 PKT" duration-ms="10669" status="PASS">
          <params>
            <param index="0">
              <value>
                <![CDATA[Restricteduser@gmail.com]]>
              </value>
            </param>
            <param index="1">
              <value>
                <![CDATA[12345]]>
              </value>
            </param>
          </params>
          <reporter-output>
          </reporter-output>
        </test-method> <!-- HomePageNavigation -->
        <test-method is-config="true" signature="CloseBrowser()[pri:0, instance:academy.E2EProject.HomePage@19fe4644]" started-at="2022-02-02T12:34:05 PKT" name="CloseBrowser" finished-at="2022-02-02T12:34:05 PKT" duration-ms="148" status="PASS">
          <reporter-output>
          </reporter-output>
        </test-method> <!-- CloseBrowser -->
      </class> <!-- academy.E2EProject.HomePage -->
    </test> <!-- Default test -->
  </suite> <!-- Default suite -->
</testng-results>
